<?xml version="1.0" encoding="UTF-8"?>
<!-- Generated by org.testng.reporters.JUnitReportReporter -->
<testsuite hostname="Admin-PC" name="com.crm.testcases.HomePageTest" tests="3" failures="0" timestamp="25 Feb 2018 07:46:14 GMT" time="102.359" errors="0">
  <testcase name="verifyContactsLinkTest" time="34.727" classname="com.crm.testcases.HomePageTest"/>
  <testcase name="verifyUserNameTest" time="34.288" classname="com.crm.testcases.HomePageTest"/>
  <testcase name="verifyHomePageTitleTest" time="33.344" classname="com.crm.testcases.HomePageTest"/>
</testsuite> <!-- com.crm.testcases.HomePageTest -->
