<?xml version="1.0" encoding="UTF-8"?>
<!-- Generated by org.testng.reporters.JUnitReportReporter -->
<testsuite hostname="Admin-PC" name="com.crm.testcases.LoginPageTest" tests="3" failures="0" timestamp="25 Feb 2018 07:46:14 GMT" time="78.646" errors="0">
  <testcase name="loginTest" time="34.967" classname="com.crm.testcases.LoginPageTest"/>
  <testcase name="loginPageTitle" time="25.802" classname="com.crm.testcases.LoginPageTest"/>
  <testcase name="crmLogoImageTest" time="17.877" classname="com.crm.testcases.LoginPageTest"/>
</testsuite> <!-- com.crm.testcases.LoginPageTest -->
