<?xml version="1.0" encoding="UTF-8"?>
<!-- Generated by org.testng.reporters.JUnitReportReporter -->
<testsuite hostname="Admin-PC" name="com.crm.testcases.ContactsPageTest" tests="5" failures="0" timestamp="25 Feb 2018 07:46:14 GMT" time="235.825" errors="0">
  <testcase name="validateCreatenewContact" time="59.935" classname="com.crm.testcases.ContactsPageTest"/>
  <testcase name="selectMultipleContactTest" time="42.501" classname="com.crm.testcases.ContactsPageTest"/>
  <testcase name="validateCreatenewContact" time="52.825" classname="com.crm.testcases.ContactsPageTest"/>
  <testcase name="selectSingleContactTest" time="39.016" classname="com.crm.testcases.ContactsPageTest"/>
  <testcase name="validateCreatenewContact" time="41.548" classname="com.crm.testcases.ContactsPageTest"/>
</testsuite> <!-- com.crm.testcases.ContactsPageTest -->
