<?xml version="1.0" encoding="UTF-8"?>
<!-- Generated by org.testng.reporters.JUnitReportReporter -->
<testsuite hostname="Admin-PC" name="com.crm.testcases.LoginPageTest" tests="4" failures="0" timestamp="11 Mar 2018 06:14:58 GMT" time="134.055" errors="0">
  <testcase name="crmLogoImageTest" time="25.347" classname="com.crm.testcases.LoginPageTest"/>
  <testcase name="loginPageTitle" time="24.729" classname="com.crm.testcases.LoginPageTest"/>
  <testcase name="validateForgotPasswordLink" time="41.754" classname="com.crm.testcases.LoginPageTest"/>
  <testcase name="loginTest" time="42.225" classname="com.crm.testcases.LoginPageTest"/>
</testsuite> <!-- com.crm.testcases.LoginPageTest -->
