<?xml version="1.0" encoding="UTF-8"?>
<!-- Generated by org.testng.reporters.JUnitReportReporter -->
<testsuite hostname="Admin-PC" name="com.crm.testcases.ContactsPageTest" tests="5" failures="0" timestamp="11 Mar 2018 06:14:58 GMT" time="216.871" errors="0">
  <testcase name="validateCreatenewContact" time="41.722" classname="com.crm.testcases.ContactsPageTest"/>
  <testcase name="selectMultipleContactTest" time="39.310" classname="com.crm.testcases.ContactsPageTest"/>
  <testcase name="validateCreatenewContact" time="48.481" classname="com.crm.testcases.ContactsPageTest"/>
  <testcase name="selectSingleContactTest" time="42.462" classname="com.crm.testcases.ContactsPageTest"/>
  <testcase name="validateCreatenewContact" time="44.896" classname="com.crm.testcases.ContactsPageTest"/>
</testsuite> <!-- com.crm.testcases.ContactsPageTest -->
