<?xml version="1.0" encoding="UTF-8"?>
<!-- Generated by org.testng.reporters.JUnitReportReporter -->
<testsuite hostname="SONY" name="com.crm.testcases.LoginPageTest" tests="1" failures="0" timestamp="11 Aug 2019 17:21:35 GMT" time="96.843" errors="0">
  <testcase name="VerifyLoginSuccesfully" time="96.843" classname="com.crm.testcases.LoginPageTest"/>
</testsuite> <!-- com.crm.testcases.LoginPageTest -->
