<?xml version="1.0" encoding="UTF-8"?>
<!-- Generated by org.testng.reporters.JUnitReportReporter -->
<testsuite hostname="SONY" name="com.crm.testcases.ContactsPageTest" tests="1" failures="0" timestamp="11 Aug 2019 17:21:35 GMT" time="802.251" errors="0">
  <testcase name="createNEwContactTest" time="802.251" classname="com.crm.testcases.ContactsPageTest"/>
</testsuite> <!-- com.crm.testcases.ContactsPageTest -->
