<?xml version="1.0" encoding="UTF-8"?>
<!-- Generated by org.testng.reporters.JUnitReportReporter -->
<testsuite hostname="SONY" name="com.crm.testcases.HomePageTest" tests="2" failures="0" timestamp="7 Sep 2019 09:39:41 GMT" time="222.455" errors="0">
  <testcase name="verifyContactPageTitleTest" time="120.502" classname="com.crm.testcases.HomePageTest"/>
  <testcase name="verifyHomePageTitle" time="101.953" classname="com.crm.testcases.HomePageTest"/>
</testsuite> <!-- com.crm.testcases.HomePageTest -->
