<?xml version="1.0" encoding="UTF-8"?>
<!-- Generated by org.testng.reporters.JUnitReportReporter -->
<testsuite hostname="Admin-PC" name="com.crm.testcases.HomePageTest" tests="3" failures="0" timestamp="11 Mar 2018 06:14:58 GMT" time="112.592" errors="0">
  <testcase name="verifyUserNameTest" time="40.133" classname="com.crm.testcases.HomePageTest"/>
  <testcase name="verifyContactsLinkTest" time="36.768" classname="com.crm.testcases.HomePageTest"/>
  <testcase name="verifyHomePageTitleTest" time="35.691" classname="com.crm.testcases.HomePageTest"/>
</testsuite> <!-- com.crm.testcases.HomePageTest -->
