<?xml version="1.0" encoding="UTF-8"?>
<!-- Generated by org.testng.reporters.JUnitReportReporter -->
<testsuite hostname="SONY" name="com.crm.testcases.ContactsPageTest" tests="1" failures="0" timestamp="7 Sep 2019 09:19:31 GMT" time="96.403" errors="0">
  <testcase name="testContactPage" time="96.403" classname="com.crm.testcases.ContactsPageTest"/>
</testsuite> <!-- com.crm.testcases.ContactsPageTest -->
