<?xml version="1.0" encoding="UTF-8"?>
<!-- Generated by org.testng.reporters.JUnitReportReporter -->
<testsuite hostname="SONY" name="com.crm.testcases.LoginPageTest" tests="1" failures="0" timestamp="31 Aug 2019 06:08:44 GMT" time="89.042" errors="0">
  <testcase name="VerifyLoginSuccesfully" time="89.042" classname="com.crm.testcases.LoginPageTest"/>
</testsuite> <!-- com.crm.testcases.LoginPageTest -->
